[17:09:54] [Server thread/INFO]: Starting minecraft server version 1.8.8
[17:09:54] [Server thread/INFO]: Loading properties
[17:09:54] [Server thread/INFO]: Default game type: SURVIVAL
[17:09:54] [Server thread/INFO]: This server is running CraftBukkit version git-PaperSpigot-445 (MC: 1.8.8) (Implementing API version 1.8.8-R0.1-SNAPSHOT)
[17:09:54] [Server thread/INFO]: Debug logging is disabled
[17:09:54] [Server thread/INFO]: Spigot Timings: true - Verbose: true - Interval: 5m - Length: 60m
[17:09:54] [Server thread/INFO]: Server Ping Player Sample Count: 12

[17:09:54] [Server thread/INFO]: Using 4 threads for Netty based IO
[17:09:54] [Server thread/INFO]: Data value allowed items: 
[17:09:54] [Server thread/WARN]: java.lang.NoSuchFieldException: modifiers

[17:09:54] [Server thread/WARN]: 	at java.base/java.lang.Class.getDeclaredField(Class.java:2782)

[17:09:54] [Server thread/WARN]: 	at org.github.paperspigot.PaperSpigotConfig.stackableBuckets(PaperSpigotConfig.java:192)

[17:09:54] [Server thread/WARN]: 	at java.base/jdk.internal.reflect.DirectMethodHandleAccessor.invoke(DirectMethodHandleAccessor.java:103)

[17:09:54] [Server thread/WARN]: 	at java.base/java.lang.reflect.Method.invoke(Method.java:580)

[17:09:54] [Server thread/WARN]: 	at org.github.paperspigot.PaperSpigotConfig.readConfig(PaperSpigotConfig.java:84)

[17:09:54] [Server thread/WARN]: 	at org.github.paperspigot.PaperSpigotConfig.init(PaperSpigotConfig.java:62)

[17:09:54] [Server thread/WARN]: 	at net.minecraft.server.v1_8_R3.DedicatedServer.init(DedicatedServer.java:181)

[17:09:54] [Server thread/WARN]: 	at net.minecraft.server.v1_8_R3.MinecraftServer.run(MinecraftServer.java:563)

[17:09:54] [Server thread/WARN]: 	at java.base/java.lang.Thread.run(Thread.java:1583)

[17:09:54] [Server thread/INFO]: Generating keypair
[17:09:54] [Server thread/INFO]: Starting Minecraft server on localhost:25565
[17:09:54] [Server thread/INFO]: Your platform does not provide complete low-level API for accessing direct buffers reliably. Unless explicitly requested, heap buffer will always be preferred to avoid potential system unstability.
[17:09:54] [Server thread/INFO]: Using default channel type
[17:09:54] [Server thread/INFO]: Set PluginClassLoader as parallel capable
[17:09:54] [Server thread/ERROR]: Could not load 'plugins/worldguard-bukkit-7.0.10-dist.jar' in folder 'plugins'
org.bukkit.plugin.InvalidPluginException: java.lang.NoClassDefFoundError: org/enginehub/piston/exception/CommandException
	at org.bukkit.plugin.java.JavaPluginLoader.loadPlugin(JavaPluginLoader.java:133) ~[patched_1.8.8.jar:git-PaperSpigot-445]
	at org.bukkit.plugin.SimplePluginManager.loadPlugin(SimplePluginManager.java:331) ~[patched_1.8.8.jar:git-PaperSpigot-445]
	at org.bukkit.plugin.SimplePluginManager.loadPlugins(SimplePluginManager.java:254) ~[patched_1.8.8.jar:git-PaperSpigot-445]
	at org.bukkit.craftbukkit.v1_8_R3.CraftServer.loadPlugins(CraftServer.java:293) ~[patched_1.8.8.jar:git-PaperSpigot-445]
	at net.minecraft.server.v1_8_R3.DedicatedServer.init(DedicatedServer.java:202) ~[patched_1.8.8.jar:git-PaperSpigot-445]
	at net.minecraft.server.v1_8_R3.MinecraftServer.run(MinecraftServer.java:563) ~[patched_1.8.8.jar:git-PaperSpigot-445]
	at java.lang.Thread.run(Thread.java:1583) [?:?]
Caused by: java.lang.NoClassDefFoundError: org/enginehub/piston/exception/CommandException
	at java.lang.Class.forName0(Native Method) ~[?:?]
	at java.lang.Class.forName(Class.java:534) ~[?:?]
	at java.lang.Class.forName(Class.java:513) ~[?:?]
	at org.bukkit.plugin.java.PluginClassLoader.<init>(PluginClassLoader.java:65) ~[patched_1.8.8.jar:git-PaperSpigot-445]
	at org.bukkit.plugin.java.JavaPluginLoader.loadPlugin(JavaPluginLoader.java:129) ~[patched_1.8.8.jar:git-PaperSpigot-445]
	... 6 more
Caused by: java.lang.ClassNotFoundException: org.enginehub.piston.exception.CommandException
	at java.net.URLClassLoader.findClass(URLClassLoader.java:445) ~[?:?]
	at org.bukkit.plugin.java.PluginClassLoader.findClass(PluginClassLoader.java:102) ~[patched_1.8.8.jar:git-PaperSpigot-445]
	at org.bukkit.plugin.java.PluginClassLoader.findClass(PluginClassLoader.java:87) ~[patched_1.8.8.jar:git-PaperSpigot-445]
	at java.lang.ClassLoader.loadClass(ClassLoader.java:593) ~[?:?]
	at java.lang.ClassLoader.loadClass(ClassLoader.java:526) ~[?:?]
	at java.lang.Class.forName0(Native Method) ~[?:?]
	at java.lang.Class.forName(Class.java:534) ~[?:?]
	at java.lang.Class.forName(Class.java:513) ~[?:?]
	at org.bukkit.plugin.java.PluginClassLoader.<init>(PluginClassLoader.java:65) ~[patched_1.8.8.jar:git-PaperSpigot-445]
	at org.bukkit.plugin.java.JavaPluginLoader.loadPlugin(JavaPluginLoader.java:129) ~[patched_1.8.8.jar:git-PaperSpigot-445]
	... 6 more
[17:09:54] [Server thread/INFO]: [SimpleTpa] Loading SimpleTpa v6.4
[17:09:54] [Server thread/INFO]: [SimpleHomes] Loading SimpleHomes v2.2
[17:09:54] [Server thread/INFO]: [WorldEdit] Loading WorldEdit v6.1;no_git_id
[17:09:54] [Server thread/INFO]: [GreatLifeSteal] Loading GreatLifeSteal v1.7.1-SNAPSHOT
[17:09:54] [Server thread/INFO]: [LoginSecurity] Loading LoginSecurity v3.2.0
[17:09:54] [Server thread/WARN]: **** SERVER IS RUNNING IN OFFLINE/INSECURE MODE!
[17:09:54] [Server thread/WARN]: The server will make no attempt to authenticate usernames. Beware.
[17:09:54] [Server thread/WARN]: Whilst this makes it possible to use BungeeCord, unless access to your server is properly restricted, it also opens up the ability for hackers to connect with any username they choose.
[17:09:54] [Server thread/WARN]: Please see http://www.spigotmc.org/wiki/firewall-guide/ for further information.
[17:09:54] [Server thread/WARN]: To change this, set "online-mode" to "true" in the server.properties file.
[17:09:54] [Server thread/INFO]: **** Beginning UUID conversion, this may take A LONG time ****
[17:09:54] [Server thread/INFO]: Preparing level "world"
[17:09:54] [Server thread/INFO]: -------- World Settings For [world] --------
[17:09:54] [Server thread/INFO]: Mob Spawn Range: 4
[17:09:54] [Server thread/INFO]: Anti X-Ray: true
[17:09:54] [Server thread/INFO]: 	Engine Mode: 1
[17:09:54] [Server thread/INFO]: 	Hidden Blocks: [14, 15, 16, 21, 48, 49, 54, 56, 73, 74, 82, 129, 130]
[17:09:54] [Server thread/INFO]: 	Replace Blocks: [1, 5]
[17:09:54] [Server thread/INFO]: Nerfing mobs spawned from spawners: false
[17:09:54] [Server thread/INFO]: Cactus Growth Modifier: 100%
[17:09:54] [Server thread/INFO]: Cane Growth Modifier: 100%
[17:09:54] [Server thread/INFO]: Melon Growth Modifier: 100%
[17:09:54] [Server thread/INFO]: Mushroom Growth Modifier: 100%
[17:09:54] [Server thread/INFO]: Pumpkin Growth Modifier: 100%
[17:09:54] [Server thread/INFO]: Sapling Growth Modifier: 100%
[17:09:54] [Server thread/INFO]: Wheat Growth Modifier: 100%
[17:09:54] [Server thread/INFO]: NetherWart Growth Modifier: 100%
[17:09:54] [Server thread/INFO]: Entity Activation Range: An 32 / Mo 32 / Mi 16
[17:09:54] [Server thread/INFO]: Entity Tracking Range: Pl 48 / An 48 / Mo 48 / Mi 32 / Other 64
[17:09:54] [Server thread/INFO]: Hopper Transfer: 8 Hopper Check: 8 Hopper Amount: 1
[17:09:54] [Server thread/INFO]: Random Lighting Updates: false
[17:09:54] [Server thread/INFO]: Structure Info Saving: true
[17:09:54] [Server thread/INFO]: Sending up to 10 chunks per packet
[17:09:54] [Server thread/INFO]: Max Entity Collisions: 8
[17:09:54] [Server thread/INFO]: Custom Map Seeds:  Village: 10387312 Feature: 14357617
[17:09:54] [Server thread/INFO]: Max TNT Explosions: 100
[17:09:54] [Server thread/INFO]: Tile Max Tick Time: 50ms Entity max Tick Time: 50ms
[17:09:54] [Server thread/INFO]: Item Despawn Rate: 6000
[17:09:54] [Server thread/INFO]: Item Merge Radius: 2.5
[17:09:54] [Server thread/INFO]: Arrow Despawn Rate: 1200
[17:09:54] [Server thread/INFO]: Allow Zombie Pigmen to spawn from portal blocks: true
[17:09:54] [Server thread/INFO]: View Distance: 4
[17:09:54] [Server thread/INFO]: Zombie Aggressive Towards Villager: true
[17:09:54] [Server thread/INFO]: Chunks to Grow per Tick: 650
[17:09:54] [Server thread/INFO]: Clear tick list: false
[17:09:54] [Server thread/INFO]: Experience Merge Radius: 3.0
[17:09:54] [Server thread/INFO]: -------- World Settings For [world] --------
[17:09:54] [Server thread/INFO]: Squids will spawn between Y: 45.0 and Y: 63.0
[17:09:54] [Server thread/INFO]: Max height for cactus growth 3. Max height for reed growth 3
[17:09:54] [Server thread/INFO]: Player blocking damage multiplier set to 0.5
[17:09:54] [Server thread/INFO]: Remove invalid mob spawner tile entities: true
[17:09:54] [Server thread/INFO]: Living Entity Despawn Ranges:  Soft: 32 Hard: 128
[17:09:54] [Server thread/INFO]: Water over lava flow speed: 5
[17:09:54] [Server thread/INFO]: Fix TNT cannons: false
[17:09:54] [Server thread/INFO]: Allow undead horse types to be leashed: false
[17:09:54] [Server thread/INFO]: Keep spawn chunk loaded: true
[17:09:54] [Server thread/INFO]: World async lighting: false
[17:09:54] [Server thread/INFO]: WorldServer TickNextTick cap set at 10000
[17:09:54] [Server thread/INFO]: WorldServer TickNextTickList cap always processes redstone: false
[17:09:55] [Server thread/INFO]: -------- World Settings For [world_nether] --------
[17:09:55] [Server thread/INFO]: Mob Spawn Range: 4
[17:09:55] [Server thread/INFO]: Anti X-Ray: true
[17:09:55] [Server thread/INFO]: 	Engine Mode: 1
[17:09:55] [Server thread/INFO]: 	Hidden Blocks: [14, 15, 16, 21, 48, 49, 54, 56, 73, 74, 82, 129, 130]
[17:09:55] [Server thread/INFO]: 	Replace Blocks: [1, 5]
[17:09:55] [Server thread/INFO]: Nerfing mobs spawned from spawners: false
[17:09:55] [Server thread/INFO]: Cactus Growth Modifier: 100%
[17:09:55] [Server thread/INFO]: Cane Growth Modifier: 100%
[17:09:55] [Server thread/INFO]: Melon Growth Modifier: 100%
[17:09:55] [Server thread/INFO]: Mushroom Growth Modifier: 100%
[17:09:55] [Server thread/INFO]: Pumpkin Growth Modifier: 100%
[17:09:55] [Server thread/INFO]: Sapling Growth Modifier: 100%
[17:09:55] [Server thread/INFO]: Wheat Growth Modifier: 100%
[17:09:55] [Server thread/INFO]: NetherWart Growth Modifier: 100%
[17:09:55] [Server thread/INFO]: Entity Activation Range: An 32 / Mo 32 / Mi 16
[17:09:55] [Server thread/INFO]: Entity Tracking Range: Pl 48 / An 48 / Mo 48 / Mi 32 / Other 64
[17:09:55] [Server thread/INFO]: Hopper Transfer: 8 Hopper Check: 8 Hopper Amount: 1
[17:09:55] [Server thread/INFO]: Random Lighting Updates: false
[17:09:55] [Server thread/INFO]: Structure Info Saving: true
[17:09:55] [Server thread/INFO]: Sending up to 10 chunks per packet
[17:09:55] [Server thread/INFO]: Max Entity Collisions: 8
[17:09:55] [Server thread/INFO]: Custom Map Seeds:  Village: 10387312 Feature: 14357617
[17:09:55] [Server thread/INFO]: Max TNT Explosions: 100
[17:09:55] [Server thread/INFO]: Tile Max Tick Time: 50ms Entity max Tick Time: 50ms
[17:09:55] [Server thread/INFO]: Item Despawn Rate: 6000
[17:09:55] [Server thread/INFO]: Item Merge Radius: 2.5
[17:09:55] [Server thread/INFO]: Arrow Despawn Rate: 1200
[17:09:55] [Server thread/INFO]: Allow Zombie Pigmen to spawn from portal blocks: true
[17:09:55] [Server thread/INFO]: View Distance: 4
[17:09:55] [Server thread/INFO]: Zombie Aggressive Towards Villager: true
[17:09:55] [Server thread/INFO]: Chunks to Grow per Tick: 650
[17:09:55] [Server thread/INFO]: Clear tick list: false
[17:09:55] [Server thread/INFO]: Experience Merge Radius: 3.0
[17:09:55] [Server thread/INFO]: -------- World Settings For [world_nether] --------
[17:09:55] [Server thread/INFO]: Squids will spawn between Y: 45.0 and Y: 63.0
[17:09:55] [Server thread/INFO]: Max height for cactus growth 3. Max height for reed growth 3
[17:09:55] [Server thread/INFO]: Player blocking damage multiplier set to 0.5
[17:09:55] [Server thread/INFO]: Remove invalid mob spawner tile entities: true
[17:09:55] [Server thread/INFO]: Living Entity Despawn Ranges:  Soft: 32 Hard: 128
[17:09:55] [Server thread/INFO]: Water over lava flow speed: 5
[17:09:55] [Server thread/INFO]: Fix TNT cannons: false
[17:09:55] [Server thread/INFO]: Allow undead horse types to be leashed: false
[17:09:55] [Server thread/INFO]: Keep spawn chunk loaded: true
[17:09:55] [Server thread/INFO]: World async lighting: false
[17:09:55] [Server thread/INFO]: WorldServer TickNextTick cap set at 10000
[17:09:55] [Server thread/INFO]: WorldServer TickNextTickList cap always processes redstone: false
[17:09:55] [Server thread/INFO]: -------- World Settings For [world_the_end] --------
[17:09:55] [Server thread/INFO]: Mob Spawn Range: 4
[17:09:55] [Server thread/INFO]: Anti X-Ray: true
[17:09:55] [Server thread/INFO]: 	Engine Mode: 1
[17:09:55] [Server thread/INFO]: 	Hidden Blocks: [14, 15, 16, 21, 48, 49, 54, 56, 73, 74, 82, 129, 130]
[17:09:55] [Server thread/INFO]: 	Replace Blocks: [1, 5]
[17:09:55] [Server thread/INFO]: Nerfing mobs spawned from spawners: false
[17:09:55] [Server thread/INFO]: Cactus Growth Modifier: 100%
[17:09:55] [Server thread/INFO]: Cane Growth Modifier: 100%
[17:09:55] [Server thread/INFO]: Melon Growth Modifier: 100%
[17:09:55] [Server thread/INFO]: Mushroom Growth Modifier: 100%
[17:09:55] [Server thread/INFO]: Pumpkin Growth Modifier: 100%
[17:09:55] [Server thread/INFO]: Sapling Growth Modifier: 100%
[17:09:55] [Server thread/INFO]: Wheat Growth Modifier: 100%
[17:09:55] [Server thread/INFO]: NetherWart Growth Modifier: 100%
[17:09:55] [Server thread/INFO]: Entity Activation Range: An 32 / Mo 32 / Mi 16
[17:09:55] [Server thread/INFO]: Entity Tracking Range: Pl 48 / An 48 / Mo 48 / Mi 32 / Other 64
[17:09:55] [Server thread/INFO]: Hopper Transfer: 8 Hopper Check: 8 Hopper Amount: 1
[17:09:55] [Server thread/INFO]: Random Lighting Updates: false
[17:09:55] [Server thread/INFO]: Structure Info Saving: true
[17:09:55] [Server thread/INFO]: Sending up to 10 chunks per packet
[17:09:55] [Server thread/INFO]: Max Entity Collisions: 8
[17:09:55] [Server thread/INFO]: Custom Map Seeds:  Village: 10387312 Feature: 14357617
[17:09:55] [Server thread/INFO]: Max TNT Explosions: 100
[17:09:55] [Server thread/INFO]: Tile Max Tick Time: 50ms Entity max Tick Time: 50ms
[17:09:55] [Server thread/INFO]: Item Despawn Rate: 6000
[17:09:55] [Server thread/INFO]: Item Merge Radius: 2.5
[17:09:55] [Server thread/INFO]: Arrow Despawn Rate: 1200
[17:09:55] [Server thread/INFO]: Allow Zombie Pigmen to spawn from portal blocks: true
[17:09:55] [Server thread/INFO]: View Distance: 4
[17:09:55] [Server thread/INFO]: Zombie Aggressive Towards Villager: true
[17:09:55] [Server thread/INFO]: Chunks to Grow per Tick: 650
[17:09:55] [Server thread/INFO]: Clear tick list: false
[17:09:55] [Server thread/INFO]: Experience Merge Radius: 3.0
[17:09:55] [Server thread/INFO]: -------- World Settings For [world_the_end] --------
[17:09:55] [Server thread/INFO]: Squids will spawn between Y: 45.0 and Y: 63.0
[17:09:55] [Server thread/INFO]: Max height for cactus growth 3. Max height for reed growth 3
[17:09:55] [Server thread/INFO]: Player blocking damage multiplier set to 0.5
[17:09:55] [Server thread/INFO]: Remove invalid mob spawner tile entities: true
[17:09:55] [Server thread/INFO]: Living Entity Despawn Ranges:  Soft: 32 Hard: 128
[17:09:55] [Server thread/INFO]: Water over lava flow speed: 5
[17:09:55] [Server thread/INFO]: Fix TNT cannons: false
[17:09:55] [Server thread/INFO]: Allow undead horse types to be leashed: false
[17:09:55] [Server thread/INFO]: Keep spawn chunk loaded: true
[17:09:55] [Server thread/INFO]: World async lighting: false
[17:09:55] [Server thread/INFO]: WorldServer TickNextTick cap set at 10000
[17:09:55] [Server thread/INFO]: WorldServer TickNextTickList cap always processes redstone: false
[17:09:55] [Server thread/INFO]: Preparing start region for level 0 (Seed: 3052195172579410652)
[17:09:56] [Server thread/INFO]: Preparing spawn area: 88%
[17:09:56] [Server thread/INFO]: Preparing start region for level 1 (Seed: 3052195172579410652)
[17:09:57] [Server thread/INFO]: Preparing spawn area: 78%
[17:09:57] [Server thread/INFO]: Preparing start region for level 2 (Seed: 3052195172579410652)
[17:09:57] [Server thread/INFO]: [SimpleTpa] Enabling SimpleTpa v6.4
[17:09:57] [Server thread/INFO]: [0;33;1m[21m[SimpleTpa] If you need support contact me at https://discord.gg/SZUkza9[m

[17:09:57] [Server thread/INFO]: [0;33;1m[21m[SimpleTpa] Simple Tpa has been enabled on version 6.4[m

[17:09:57] [Server thread/INFO]: Enabled metrics. You may opt-out by changing plugins/bStats/config.yml
[17:09:57] [Server thread/INFO]: [SimpleHomes] Enabling SimpleHomes v2.2
[17:09:57] [Server thread/INFO]: [WorldEdit] Enabling WorldEdit v6.1;no_git_id
[17:09:58] [Server thread/INFO]: WEPIF: Using the Bukkit Permissions API.
[17:09:58] [Server thread/INFO]: [WorldEdit] Using com.sk89q.worldedit.bukkit.adapter.impl.Spigot_v1_8_R3 as the Bukkit adapter
[17:09:58] [Server thread/INFO]: [GreatLifeSteal] Enabling GreatLifeSteal v1.7.1-SNAPSHOT
[17:09:58] [Server thread/INFO]: 0 [Server thread] INFO GreatLifeSteal  - Using v1.8.8 version of the adapter.

[17:09:58] [Server thread/INFO]: 276 [Server thread] INFO GreatLifeSteal  - Choosing SQLite as a storage provider.

[17:09:58] [Server thread/INFO]: 290 [Server thread] INFO GreatLifeSteal  - Added the new heart item recipe.

[17:09:58] [Server thread/INFO]: 290 [Server thread] WARN GreatLifeSteal  - PlaceholderAPI plugin has not been found, external placeholders will not work.

[17:09:58] [Server thread/INFO]: 834 [Server thread] WARN GreatLifeSteal  - You are using an outdated version of the plugin!

[17:09:58] [Server thread/INFO]: 835 [Server thread] WARN GreatLifeSteal  - You can download the latest one here:

[17:09:58] [Server thread/INFO]: 835 [Server thread] WARN GreatLifeSteal  - https://www.spigotmc.org/resources/greatlifesteal.102206/

[17:09:58] [Server thread/INFO]: [LoginSecurity] Enabling LoginSecurity v3.2.0
[17:09:59] [Server thread/INFO]: [LoginSecurity] Loading base translations from "en_us"
[17:09:59] [Server thread/INFO]: [LoginSecurity] Loading specified translations from "en_us"
[17:09:59] [Server thread/INFO]: [LoginSecurity] Registering commands...
[17:09:59] [Server thread/INFO]: [LoginSecurity] Registering listeners...
[17:09:59] [Server thread/INFO]: Server permissions file permissions.yml is empty, ignoring it
[17:09:59] [Server thread/INFO]: Done (4.348s)! For help, type "help" or "?"
[17:09:59] [Server thread/INFO]: Timings Reset
[17:09:59] [Craft Scheduler Thread - 0/INFO]: [0;31;1m[21m[SimpleTpa] There is a new update available.[m

[17:09:59] [Craft Scheduler Thread - 0/INFO]: [0;31;1m[SimpleTpa] There is a new update available:[m

[17:09:59] [Craft Scheduler Thread - 0/INFO]: [0;31;1m[SimpleTpa] https://www.spigotmc.org/resources/simple-tpa.64270/[m

[17:10:03] [Thread-7/INFO]: UUID of player your_mouther is 23f8ddb3-e711-3f99-903c-3d2ab7986d21
[17:10:03] [Server thread/INFO]: your_mouther[/[0:0:0:0:0:0:0:1]:48114] logged in with entity id 291 at ([world]-14.470042655359668, 72.0, 250.48161059407815)
[17:10:19] [Server thread/INFO]: your_mouther issued server command: /help
[17:10:33] [Server thread/INFO]: your_mouther issued server command: /help geratlifesteal
[17:10:48] [Server thread/INFO]: your_mouther issued server command: /greatlifesteal
[17:10:55] [Server thread/INFO]: your_mouther issued server command: /help greatlifesteal
[17:11:01] [Server thread/INFO]: your_mouther issued server command: /lifesteal
[17:11:49] [Server thread/INFO]: your_mouther issued server command: /lifesteal health add your_mouther 64
[17:11:59] [Server thread/INFO]: your_mouther lost connection: Disconnected
[17:11:59] [Server thread/INFO]: your_mouther left the game.
