[17:02:20] [main/INFO]: Using mbed TLS based native cipher.
[17:02:20] [main/INFO]: Using zlib based native compressor.
[17:02:20] [main/INFO]: Enabled Waterfall version git:Waterfall-Bootstrap:1.19-R0.1-SNAPSHOT:f6069e2:513
[17:02:20] [main/INFO]: Not on Windows, attempting to use enhanced EpollEventLoop
[17:02:20] [main/INFO]: Epoll is working, utilising it!
[17:02:20] [main/INFO]: Discovered module: ModuleSpec(name=cmd_alert, file=modules/cmd_alert.jar, provider=JenkinsModuleSource())
[17:02:20] [main/INFO]: Discovered module: ModuleSpec(name=cmd_find, file=modules/cmd_find.jar, provider=JenkinsModuleSource())
[17:02:20] [main/INFO]: Discovered module: ModuleSpec(name=cmd_list, file=modules/cmd_list.jar, provider=JenkinsModuleSource())
[17:02:20] [main/INFO]: Discovered module: ModuleSpec(name=cmd_send, file=modules/cmd_send.jar, provider=JenkinsModuleSource())
[17:02:20] [main/INFO]: Discovered module: ModuleSpec(name=cmd_server, file=modules/cmd_server.jar, provider=JenkinsModuleSource())
[17:02:20] [main/INFO]: Discovered module: ModuleSpec(name=reconnect_yaml, file=modules/reconnect_yaml.jar, provider=JenkinsModuleSource())
[17:02:20] [main/INFO]: Attempting to update plugin from null to ModuleVersion(build=513, git=f6069e2)
[17:02:20] [main/INFO]: Attempting to Jenkins download module cmd_alert v513
[17:02:21] [main/INFO]: Download complete
[17:02:21] [main/INFO]: Attempting to update plugin from null to ModuleVersion(build=513, git=f6069e2)
[17:02:21] [main/INFO]: Attempting to Jenkins download module cmd_find v513
[17:02:21] [main/INFO]: Download complete
[17:02:21] [main/INFO]: Attempting to update plugin from null to ModuleVersion(build=513, git=f6069e2)
[17:02:21] [main/INFO]: Attempting to Jenkins download module cmd_list v513
[17:02:21] [main/INFO]: Download complete
[17:02:21] [main/INFO]: Attempting to update plugin from null to ModuleVersion(build=513, git=f6069e2)
[17:02:21] [main/INFO]: Attempting to Jenkins download module cmd_send v513
[17:02:21] [main/INFO]: Download complete
[17:02:21] [main/INFO]: Attempting to update plugin from null to ModuleVersion(build=513, git=f6069e2)
[17:02:21] [main/INFO]: Attempting to Jenkins download module cmd_server v513
[17:02:21] [main/INFO]: Download complete
[17:02:21] [main/INFO]: Attempting to update plugin from null to ModuleVersion(build=513, git=f6069e2)
[17:02:21] [main/INFO]: Attempting to Jenkins download module reconnect_yaml v513
[17:02:21] [main/INFO]: Download complete
[17:02:21] [main/INFO]: Loaded plugin reconnect_yaml version git:reconnect_yaml:1.19-R0.1-SNAPSHOT:f6069e2:513 by WaterfallMC
[17:02:21] [main/INFO]: Loaded plugin cmd_find version git:cmd_find:1.19-R0.1-SNAPSHOT:f6069e2:513 by WaterfallMC
[17:02:21] [main/INFO]: Loaded plugin cmd_server version git:cmd_server:1.19-R0.1-SNAPSHOT:f6069e2:513 by WaterfallMC
[17:02:21] [main/INFO]: Loaded plugin cmd_alert version git:cmd_alert:1.19-R0.1-SNAPSHOT:f6069e2:513 by WaterfallMC
[17:02:21] [main/INFO]: Loaded plugin cmd_send version git:cmd_send:1.19-R0.1-SNAPSHOT:f6069e2:513 by WaterfallMC
[17:02:21] [main/INFO]: Loaded plugin cmd_list version git:cmd_list:1.19-R0.1-SNAPSHOT:f6069e2:513 by WaterfallMC
[17:02:21] [main/WARN]: :>:>:>:>:>:>:>:>:>:>:>:>:>:>:>:>:>:>:>:>:>:>:>
[17:02:21] [main/WARN]: :>  
[17:02:21] [main/WARN]: :>      EAGLERCRAFTXBUNGEE WARNING:
[17:02:21] [main/WARN]: :>  
[17:02:21] [main/WARN]: :>  This plugin wasn't tested to be 'working'
[17:02:21] [main/WARN]: :>  with ANY version of BungeeCord (and forks)
[17:02:21] [main/WARN]: :>  apart from the versions listed below:
[17:02:21] [main/WARN]: :>  
[17:02:21] [main/WARN]: :>  - BungeeCord: 1.20-R0.3-SNAPSHOT:eda268b:1797
[17:02:21] [main/WARN]: :>  - Waterfall: 1.20-R0.2-SNAPSHOT:92b5149:562
[17:02:21] [main/WARN]: :>  - FlameCord: 1.1.1
[17:02:21] [main/WARN]: :>  
[17:02:21] [main/WARN]: :>  This is not a Bukkit/Spigot plugin!
[17:02:21] [main/WARN]: :>  
[17:02:21] [main/WARN]: :>  Use "-Deaglerxbungee.stfu=true" to hide
[17:02:21] [main/WARN]: :>  
[17:02:21] [main/WARN]: :>:>:>:>:>:>:>:>:>:>:>:>:>:>:>:>:>:>:>:>:>:>:>
[17:02:21] [main/INFO] [EaglercraftXBungee]: Loading vanilla profile: lax1dude
[17:02:22] [Skin Download Thread #1/INFO] [EaglercraftXBungee]: Loaded vanilla profile: lax1dude
[17:02:22] [main/INFO]: Loaded plugin EaglercraftXBungee version 1.0.10 by lax1dude
[17:02:22] [main/WARN]: Forced host server pvp is not defined
[17:02:22] [main/INFO]: Enabled plugin reconnect_yaml version git:reconnect_yaml:1.19-R0.1-SNAPSHOT:f6069e2:513 by WaterfallMC
[17:02:22] [main/INFO]: Enabled plugin cmd_find version git:cmd_find:1.19-R0.1-SNAPSHOT:f6069e2:513 by WaterfallMC
[17:02:22] [main/INFO]: Enabled plugin cmd_server version git:cmd_server:1.19-R0.1-SNAPSHOT:f6069e2:513 by WaterfallMC
[17:02:22] [main/INFO]: Enabled plugin cmd_alert version git:cmd_alert:1.19-R0.1-SNAPSHOT:f6069e2:513 by WaterfallMC
[17:02:22] [main/INFO]: Enabled plugin cmd_send version git:cmd_send:1.19-R0.1-SNAPSHOT:f6069e2:513 by WaterfallMC
[17:02:22] [main/INFO]: Enabled plugin cmd_list version git:cmd_list:1.19-R0.1-SNAPSHOT:f6069e2:513 by WaterfallMC
[17:02:22] [main/ERROR] [EaglercraftXBungee]: Online mode is set to false! Authentication system has been disabled
[17:02:22] [Netty Worker IO Thread #0/INFO] [EaglercraftXBungee]: Eaglercraft is listening on: /0.0.0.0:8081
[17:02:22] [main/INFO] [EaglercraftXBungee]: Downloading from maven: https://repo1.maven.org/maven2/org/xerial/sqlite-jdbc/3.45.0.0/sqlite-jdbc-3.45.0.0.jar
[17:02:22] [main/INFO] [EaglercraftXBungee]: Connected to database: jdbc:sqlite:eaglercraft_skins_cache.db
[17:02:22] [EaglerXBungee: Network Tick Tasks/INFO] [EaglercraftXBungee]: Downloading new certificate: https://eaglercraft.com/backup.cert
[17:02:23] [main/INFO]: Enabled plugin EaglercraftXBungee version 1.0.10 by lax1dude
[17:02:23] [Netty Boss IO Thread #0/INFO]: Listening on /127.0.0.1:25577
[17:02:23] [EaglerXBungee: Network Tick Tasks/INFO] [EaglercraftXBungee]: Loaded certificate: /workspaces/take-11/bungee/plugins/EaglercraftXBungee/eagcert/$dl.2c63d6a9be9d273db57d50cb026093cb97ea6e54.cert
[17:04:00] [Netty Worker IO Thread #1/WARN] [EaglercraftXBungee]: Server icon is not a file: /workspaces/take-11/bungee/server-icon.png
[17:04:02] [Netty Worker IO Thread #2/INFO] [EaglercraftXBungee]: [/[0:0:0:0:0:0:0:1%0]:59164]: Connected via websocket
[17:04:02] [Netty Worker IO Thread #2/INFO] [EaglercraftXBungee]: [/[0:0:0:0:0:0:0:1%0]:59164]: Origin header is https://eaglercraft.com
[17:04:03] [Netty Worker IO Thread #2/INFO] [EaglercraftXBungee]: [/[0:0:0:0:0:0:0:1%0]:59164]: Logged in as 'your_mouther'
[17:04:03] [Netty Worker IO Thread #2/INFO]: [/[0:0:0:0:0:0:0:1%0]:59164|your_mouther] -> UpstreamBridge has connected
[17:04:03] [Netty Worker IO Thread #2/INFO]: [your_mouther|/[0:0:0:0:0:0:0:1%0]:59164] <-> ServerConnector [lobby] has connected
[17:05:02] [Netty Worker IO Thread #2/INFO]: [your_mouther] disconnected with: Server closed
[17:05:02] [Netty Worker IO Thread #2/INFO]: [/[0:0:0:0:0:0:0:1%0]:59164|your_mouther] -> UpstreamBridge has disconnected
[17:05:02] [Netty Worker IO Thread #2/INFO]: [/[0:0:0:0:0:0:0:1%0]:59164|your_mouther] <-> DownstreamBridge <-> [lobby] has disconnected
[17:06:04] [Netty Worker IO Thread #3/INFO] [EaglercraftXBungee]: [/[0:0:0:0:0:0:0:1%0]:55244]: Connected via websocket
[17:06:04] [Netty Worker IO Thread #3/INFO] [EaglercraftXBungee]: [/[0:0:0:0:0:0:0:1%0]:55244]: Origin header is https://eaglercraft.com
[17:06:04] [Netty Worker IO Thread #3/INFO] [EaglercraftXBungee]: [/[0:0:0:0:0:0:0:1%0]:55244]: Logged in as 'your_mouther'
[17:06:04] [Netty Worker IO Thread #3/INFO]: [/[0:0:0:0:0:0:0:1%0]:55244|your_mouther] -> UpstreamBridge has connected
[17:06:04] [Netty Worker IO Thread #3/INFO]: [your_mouther|/[0:0:0:0:0:0:0:1%0]:55244] <-> ServerConnector [lobby] has connected
[17:07:33] [Netty Worker IO Thread #3/INFO]: [/[0:0:0:0:0:0:0:1%0]:55244|your_mouther] -> UpstreamBridge has disconnected
[17:07:33] [Netty Worker IO Thread #3/INFO]: [your_mouther] disconnected with: Proxy lost connection to server.
[17:07:33] [Netty Worker IO Thread #3/INFO]: [/[0:0:0:0:0:0:0:1%0]:55244|your_mouther] <-> DownstreamBridge <-> [lobby] has disconnected
[17:08:17] [Netty Worker IO Thread #1/INFO] [EaglercraftXBungee]: [/[0:0:0:0:0:0:0:1%0]:50546]: Connected via websocket
[17:08:17] [Netty Worker IO Thread #1/INFO] [EaglercraftXBungee]: [/[0:0:0:0:0:0:0:1%0]:50546]: Origin header is https://eaglercraft.com
[17:08:17] [Netty Worker IO Thread #1/INFO] [EaglercraftXBungee]: [/[0:0:0:0:0:0:0:1%0]:50546]: Logged in as 'your_mouther'
[17:08:17] [Netty Worker IO Thread #1/INFO]: [/[0:0:0:0:0:0:0:1%0]:50546|your_mouther] -> UpstreamBridge has connected
[17:08:17] [Netty Worker IO Thread #1/INFO]: [your_mouther|/[0:0:0:0:0:0:0:1%0]:50546] <-> ServerConnector [lobby] has connected
[17:08:32] [Netty Worker IO Thread #1/INFO]: [/[0:0:0:0:0:0:0:1%0]:50546|your_mouther] -> UpstreamBridge has disconnected
[17:08:32] [Netty Worker IO Thread #1/INFO]: [your_mouther] disconnected with: Proxy lost connection to server.
[17:08:32] [Netty Worker IO Thread #1/INFO]: [/[0:0:0:0:0:0:0:1%0]:50546|your_mouther] <-> DownstreamBridge <-> [lobby] has disconnected
[17:10:03] [Netty Worker IO Thread #3/INFO] [EaglercraftXBungee]: [/[0:0:0:0:0:0:0:1%0]:38172]: Connected via websocket
[17:10:03] [Netty Worker IO Thread #3/INFO] [EaglercraftXBungee]: [/[0:0:0:0:0:0:0:1%0]:38172]: Origin header is https://eaglercraft.com
[17:10:03] [Netty Worker IO Thread #3/INFO] [EaglercraftXBungee]: [/[0:0:0:0:0:0:0:1%0]:38172]: Logged in as 'your_mouther'
[17:10:03] [Netty Worker IO Thread #3/INFO]: [/[0:0:0:0:0:0:0:1%0]:38172|your_mouther] -> UpstreamBridge has connected
[17:10:03] [Netty Worker IO Thread #3/INFO]: [your_mouther|/[0:0:0:0:0:0:0:1%0]:38172] <-> ServerConnector [lobby] has connected
[17:11:59] [Netty Worker IO Thread #3/INFO]: [/[0:0:0:0:0:0:0:1%0]:38172|your_mouther] -> UpstreamBridge has disconnected
[17:11:59] [Netty Worker IO Thread #3/INFO]: [your_mouther] disconnected with: Proxy lost connection to server.
[17:11:59] [Netty Worker IO Thread #3/INFO]: [/[0:0:0:0:0:0:0:1%0]:38172|your_mouther] <-> DownstreamBridge <-> [lobby] has disconnected
[17:15:34] [Netty Worker IO Thread #1/INFO] [EaglercraftXBungee]: [/[0:0:0:0:0:0:0:1%0]:57260]: Connected via websocket
[17:15:34] [Netty Worker IO Thread #1/INFO] [EaglercraftXBungee]: [/[0:0:0:0:0:0:0:1%0]:57260]: Origin header is https://eaglercraft.com
[17:15:34] [Netty Worker IO Thread #1/INFO] [EaglercraftXBungee]: [/[0:0:0:0:0:0:0:1%0]:57260]: Logged in as 'your_mouther'
[17:15:34] [Netty Worker IO Thread #1/INFO]: [/[0:0:0:0:0:0:0:1%0]:57260|your_mouther] -> UpstreamBridge has connected
[17:15:34] [Netty Worker IO Thread #1/INFO]: [your_mouther|/[0:0:0:0:0:0:0:1%0]:57260] <-> ServerConnector [lobby] has connected
